Command line:
   IR_isim_beh.exe
     -simmode  gui
     -simrunnum  0
     -socket  57729

Fri Mar 17 20:38:01 2017


 Elaboration Time: 0.546875 sec

 Current Memory Usage: 1011.55 Meg

 Total Signals          : 4
 Total Nets             : 35
 Total Signal Drivers   : 1
 Total Blocks           : 2
 Total Primitive Blocks : 2
 Total Processes        : 1
 Total Traceable Variables  : 8
 Total Scalar Nets and Variables : 395
Total Line Count : 5

 Total Simulation Time: 0.578125 sec

 Current Memory Usage: 1011.55 Meg

Fri Mar 17 20:38:06 2017

