Command line:
   RB_isim_beh.exe
     -simmode  gui
     -simrunnum  0
     -socket  53270

Mon Mar 20 16:13:46 2017


 Elaboration Time: 0.5625 sec

 Current Memory Usage: 1011.61 Meg

 Total Signals          : 4
 Total Nets             : 35
 Total Signal Drivers   : 1
 Total Blocks           : 2
 Total Primitive Blocks : 2
 Total Processes        : 1
 Total Traceable Variables  : 8
 Total Scalar Nets and Variables : 395
Total Line Count : 5

 Total Simulation Time: 0.59375 sec

 Current Memory Usage: 1011.61 Meg

Mon Mar 20 16:13:50 2017

