Command line:
   RAM_isim_beh.exe
     -simmode  gui
     -simrunnum  0
     -socket  53590

Mon Mar 20 16:23:15 2017


 Elaboration Time: 0.515625 sec

 Current Memory Usage: 1011.65 Meg

 Total Signals          : 5
 Total Nets             : 41
 Total Signal Drivers   : 1
 Total Blocks           : 3
 Total Primitive Blocks : 3
 Total Processes        : 1
 Total Traceable Variables  : 13
 Total Scalar Nets and Variables : 524
Total Line Count : 10

 Total Simulation Time: 0.546875 sec

 Current Memory Usage: 539.726 Meg

Mon Mar 20 16:25:09 2017

