Command line:
   RC_isim_beh.exe
     -simmode  gui
     -simrunnum  0
     -socket  51275

Thu Mar 23 10:02:35 2017


 Elaboration Time: 0.5 sec

 Current Memory Usage: 1011.58 Meg

 Total Signals          : 4
 Total Nets             : 35
 Total Signal Drivers   : 1
 Total Blocks           : 2
 Total Primitive Blocks : 2
 Total Processes        : 1
 Total Traceable Variables  : 8
 Total Scalar Nets and Variables : 395
Total Line Count : 6

 Total Simulation Time: 0.5 sec

 Current Memory Usage: 1011.58 Meg

Thu Mar 23 10:02:40 2017

