Command line:
   UnitControl_isim_beh.exe
     -simmode  gui
     -simrunnum  0
     -socket  58236

Tue Mar 21 17:34:29 2017


 Elaboration Time: 0.4375 sec

 Current Memory Usage: 1168.92 Meg

 Total Signals          : 13
 Total Nets             : 56
 Total Signal Drivers   : 11
 Total Blocks           : 2
 Total Primitive Blocks : 2
 Total Processes        : 1
 Total Traceable Variables  : 8
 Total Scalar Nets and Variables : 416
Total Line Count : 125

 Total Simulation Time: 0.578125 sec

 Current Memory Usage: 1168.92 Meg

Tue Mar 21 17:34:41 2017

